2021-04-04 22:37:50.923  INFO 3322 --- [main] c.i.j.JpaRelationExperimentApplication   : Starting JpaRelationExperimentApplication using Java 11.0.10 on ilkayaktas.local with PID 3322 (/Users/ilkayaktas/Workspace/IdeaProjects/JpaRelationExperiment/build/classes/java/main started by ilkayaktas in /Users/ilkayaktas/Workspace/IdeaProjects/JpaRelationExperiment)
2021-04-04 22:37:50.926  INFO 3322 --- [main] c.i.j.JpaRelationExperimentApplication   : No active profile set, falling back to default profiles: default
2021-04-04 22:37:51.886  INFO 3322 --- [main] .s.d.r.c.RepositoryConfigurationDelegate : Bootstrapping Spring Data JPA repositories in DEFAULT mode.
2021-04-04 22:37:51.972  INFO 3322 --- [main] .s.d.r.c.RepositoryConfigurationDelegate : Finished Spring Data repository scanning in 73 ms. Found 3 JPA repository interfaces.
2021-04-04 22:37:53.107  INFO 3322 --- [main] o.s.b.w.embedded.tomcat.TomcatWebServer  : Tomcat initialized with port(s): 8080 (http)
2021-04-04 22:37:53.122  INFO 3322 --- [main] o.apache.catalina.core.StandardService   : Starting service [Tomcat]
2021-04-04 22:37:53.123  INFO 3322 --- [main] org.apache.catalina.core.StandardEngine  : Starting Servlet engine: [Apache Tomcat/9.0.44]
2021-04-04 22:37:53.260  INFO 3322 --- [main] o.a.c.c.C.[Tomcat].[localhost].[/]       : Initializing Spring embedded WebApplicationContext
2021-04-04 22:37:53.261  INFO 3322 --- [main] w.s.c.ServletWebServerApplicationContext : Root WebApplicationContext: initialization completed in 2293 ms
2021-04-04 22:37:53.587  INFO 3322 --- [main] com.zaxxer.hikari.HikariDataSource       : HikariPool-1 - Starting...
2021-04-04 22:37:53.683  INFO 3322 --- [main] com.zaxxer.hikari.HikariDataSource       : HikariPool-1 - Start completed.
2021-04-04 22:37:53.737  INFO 3322 --- [main] o.hibernate.jpa.internal.util.LogHelper  : HHH000204: Processing PersistenceUnitInfo [name: default]
2021-04-04 22:37:53.780  INFO 3322 --- [main] org.hibernate.Version                    : HHH000412: Hibernate ORM core version 5.4.29.Final
2021-04-04 22:37:53.903  INFO 3322 --- [main] o.hibernate.annotations.common.Version   : HCANN000001: Hibernate Commons Annotations {5.1.2.Final}
2021-04-04 22:37:54.032  INFO 3322 --- [main] org.hibernate.dialect.Dialect            : HHH000400: Using dialect: org.hibernate.dialect.PostgreSQL10Dialect
2021-04-04 22:37:54.886  INFO 3322 --- [main] o.h.e.t.j.p.i.JtaPlatformInitiator       : HHH000490: Using JtaPlatform implementation: [org.hibernate.engine.transaction.jta.platform.internal.NoJtaPlatform]
2021-04-04 22:37:54.899  INFO 3322 --- [main] j.LocalContainerEntityManagerFactoryBean : Initialized JPA EntityManagerFactory for persistence unit 'default'
2021-04-04 22:37:54.947  WARN 3322 --- [main] JpaBaseConfiguration$JpaWebConfiguration : spring.jpa.open-in-view is enabled by default. Therefore, database queries may be performed during view rendering. Explicitly configure spring.jpa.open-in-view to disable this warning
2021-04-04 22:37:55.077  INFO 3322 --- [main] o.s.s.concurrent.ThreadPoolTaskExecutor  : Initializing ExecutorService 'applicationTaskExecutor'
2021-04-04 22:37:55.499  WARN 3322 --- [main] ConfigServletWebServerApplicationContext : Exception encountered during context initialization - cancelling refresh attempt: org.springframework.context.ApplicationContextException: Failed to start bean 'webServerStartStop'; nested exception is org.springframework.boot.web.server.PortInUseException: Port 8080 is already in use
2021-04-04 22:37:55.501  INFO 3322 --- [main] o.s.s.concurrent.ThreadPoolTaskExecutor  : Shutting down ExecutorService 'applicationTaskExecutor'
2021-04-04 22:37:55.501  INFO 3322 --- [main] j.LocalContainerEntityManagerFactoryBean : Closing JPA EntityManagerFactory for persistence unit 'default'
2021-04-04 22:37:55.503  INFO 3322 --- [main] com.zaxxer.hikari.HikariDataSource       : HikariPool-1 - Shutdown initiated...
2021-04-04 22:37:55.507  INFO 3322 --- [main] com.zaxxer.hikari.HikariDataSource       : HikariPool-1 - Shutdown completed.
2021-04-04 22:37:55.509  INFO 3322 --- [main] o.apache.catalina.core.StandardService   : Stopping service [Tomcat]
2021-04-04 22:37:55.518  INFO 3322 --- [main] ConditionEvaluationReportLoggingListener : 

Error starting ApplicationContext. To display the conditions report re-run your application with 'debug' enabled.
2021-04-04 22:37:55.537 ERROR 3322 --- [main] o.s.b.d.LoggingFailureAnalysisReporter   : 

***************************
APPLICATION FAILED TO START
***************************

Description:

Web server failed to start. Port 8080 was already in use.

Action:

Identify and stop the process that's listening on port 8080 or configure this application to listen on another port.

2021-04-04 22:38:10.656  INFO 3340 --- [main] c.i.j.JpaRelationExperimentApplication   : Starting JpaRelationExperimentApplication using Java 11.0.10 on ilkayaktas.local with PID 3340 (/Users/ilkayaktas/Workspace/IdeaProjects/JpaRelationExperiment/build/classes/java/main started by ilkayaktas in /Users/ilkayaktas/Workspace/IdeaProjects/JpaRelationExperiment)
2021-04-04 22:38:10.657  INFO 3340 --- [main] c.i.j.JpaRelationExperimentApplication   : No active profile set, falling back to default profiles: default
2021-04-04 22:38:11.097  INFO 3340 --- [main] .s.d.r.c.RepositoryConfigurationDelegate : Bootstrapping Spring Data JPA repositories in DEFAULT mode.
2021-04-04 22:38:11.127  INFO 3340 --- [main] .s.d.r.c.RepositoryConfigurationDelegate : Finished Spring Data repository scanning in 25 ms. Found 3 JPA repository interfaces.
2021-04-04 22:38:11.430  INFO 3340 --- [main] o.s.b.w.embedded.tomcat.TomcatWebServer  : Tomcat initialized with port(s): 8080 (http)
2021-04-04 22:38:11.436  INFO 3340 --- [main] o.apache.catalina.core.StandardService   : Starting service [Tomcat]
2021-04-04 22:38:11.436  INFO 3340 --- [main] org.apache.catalina.core.StandardEngine  : Starting Servlet engine: [Apache Tomcat/9.0.44]
2021-04-04 22:38:11.518  INFO 3340 --- [main] o.a.c.c.C.[Tomcat].[localhost].[/]       : Initializing Spring embedded WebApplicationContext
2021-04-04 22:38:11.519  INFO 3340 --- [main] w.s.c.ServletWebServerApplicationContext : Root WebApplicationContext: initialization completed in 831 ms
2021-04-04 22:38:11.619  INFO 3340 --- [main] com.zaxxer.hikari.HikariDataSource       : HikariPool-1 - Starting...
2021-04-04 22:38:11.667  INFO 3340 --- [main] com.zaxxer.hikari.HikariDataSource       : HikariPool-1 - Start completed.
2021-04-04 22:38:11.694  INFO 3340 --- [main] o.hibernate.jpa.internal.util.LogHelper  : HHH000204: Processing PersistenceUnitInfo [name: default]
2021-04-04 22:38:11.719  INFO 3340 --- [main] org.hibernate.Version                    : HHH000412: Hibernate ORM core version 5.4.29.Final
2021-04-04 22:38:11.785  INFO 3340 --- [main] o.hibernate.annotations.common.Version   : HCANN000001: Hibernate Commons Annotations {5.1.2.Final}
2021-04-04 22:38:11.850  INFO 3340 --- [main] org.hibernate.dialect.Dialect            : HHH000400: Using dialect: org.hibernate.dialect.PostgreSQL10Dialect
2021-04-04 22:38:12.259  INFO 3340 --- [main] o.h.e.t.j.p.i.JtaPlatformInitiator       : HHH000490: Using JtaPlatform implementation: [org.hibernate.engine.transaction.jta.platform.internal.NoJtaPlatform]
2021-04-04 22:38:12.264  INFO 3340 --- [main] j.LocalContainerEntityManagerFactoryBean : Initialized JPA EntityManagerFactory for persistence unit 'default'
2021-04-04 22:38:12.286  WARN 3340 --- [main] JpaBaseConfiguration$JpaWebConfiguration : spring.jpa.open-in-view is enabled by default. Therefore, database queries may be performed during view rendering. Explicitly configure spring.jpa.open-in-view to disable this warning
2021-04-04 22:38:12.346  INFO 3340 --- [main] o.s.s.concurrent.ThreadPoolTaskExecutor  : Initializing ExecutorService 'applicationTaskExecutor'
2021-04-04 22:38:12.658  INFO 3340 --- [main] o.s.b.w.embedded.tomcat.TomcatWebServer  : Tomcat started on port(s): 8080 (http) with context path ''
2021-04-04 22:38:12.668  INFO 3340 --- [main] c.i.j.JpaRelationExperimentApplication   : Started JpaRelationExperimentApplication in 2.261 seconds (JVM running for 2.937)
